d:\0000.강의\2024\1학기\서울_(화123_g206)_자료구조\source\ms_visualstudio_2019_sourcecode\ch05\ch05_1\debug\vc143.pdb
d:\0000.강의\2024\1학기\서울_(화123_g206)_자료구조\source\ms_visualstudio_2019_sourcecode\ch05\ch05_1\debug\vc143.idb
d:\0000.강의\2024\1학기\서울_(화123_g206)_자료구조\source\ms_visualstudio_2019_sourcecode\ch05\ch05_1\debug\stacks.obj
d:\0000.강의\2024\1학기\서울_(화123_g206)_자료구조\source\ms_visualstudio_2019_sourcecode\ch05\ch05_1\debug\ex5_1.obj
d:\0000.강의\2024\1학기\서울_(화123_g206)_자료구조\source\ms_visualstudio_2019_sourcecode\ch05\ch05_1\debug\ch05_1.ilk
d:\0000.강의\2024\1학기\서울_(화123_g206)_자료구조\source\ms_visualstudio_2019_sourcecode\ch05\debug\ch05_1.exe
d:\0000.강의\2024\1학기\서울_(화123_g206)_자료구조\source\ms_visualstudio_2019_sourcecode\ch05\debug\ch05_1.pdb
c:\users\user\downloads\ch05\ch05_1\debug\ex5_1.obj
c:\users\user\downloads\ch05\ch05_1\debug\stacks.obj
c:\users\user\downloads\ch05\ch05_1\debug\ch05_1.ilk
c:\users\user\downloads\ch05\ch05_1\debug\vc142.idb
c:\users\user\downloads\ch05\ch05_1\debug\vc143.idb
c:\users\user\downloads\ch05\ch05_1\debug\vc142.pdb
c:\users\user\downloads\ch05\ch05_1\debug\vc143.pdb
c:\users\user\downloads\ch05\debug\ch05_1.pdb
c:\users\user\downloads\ch05\debug\ch05_1.exe
c:\users\user\downloads\ch05\ch05_1\debug\ch05_1.tlog\cl.command.1.tlog
c:\users\user\downloads\ch05\ch05_1\debug\ch05_1.tlog\cl.read.1.tlog
c:\users\user\downloads\ch05\ch05_1\debug\ch05_1.tlog\cl.write.1.tlog
c:\users\user\downloads\ch05\ch05_1\debug\ch05_1.tlog\link.command.1.tlog
c:\users\user\downloads\ch05\ch05_1\debug\ch05_1.tlog\link.read.1.tlog
c:\users\user\downloads\ch05\ch05_1\debug\ch05_1.tlog\link.write.1.tlog
